2024-10-14 11:21:10.1433|WARN|Microsoft.AspNetCore.Server.Kestrel.Core.KestrelServer|The ASP.NET Core developer certificate is not trusted. For information about trusting the ASP.NET Core developer certificate, see https://aka.ms/aspnet/https-trust-dev-cert.
2024-10-14 11:21:10.2145|INFO|Microsoft.Hosting.Lifetime|Now listening on: https://localhost:7281
2024-10-14 11:21:10.2145|INFO|Microsoft.Hosting.Lifetime|Now listening on: http://localhost:5149
2024-10-14 11:21:10.2145|INFO|Microsoft.Hosting.Lifetime|Application started. Press Ctrl+C to shut down.
2024-10-14 11:21:10.2145|INFO|Microsoft.Hosting.Lifetime|Hosting environment: Development
2024-10-14 11:21:10.2145|INFO|Microsoft.Hosting.Lifetime|Content root path: D:\VMS\VacancyManagementSystem\VMS.API
2024-10-14 11:21:13.4226|INFO|Microsoft.AspNetCore.Hosting.Diagnostics|Request starting HTTP/2 GET https://localhost:7281/swagger - - -
2024-10-14 11:21:13.6026|INFO|Microsoft.AspNetCore.Hosting.Diagnostics|Request finished HTTP/2 GET https://localhost:7281/swagger - 301 0 - 185.7828ms
2024-10-14 11:21:13.6026|INFO|Microsoft.AspNetCore.Hosting.Diagnostics|Request starting HTTP/2 GET https://localhost:7281/swagger/index.html - - -
2024-10-14 11:21:13.6782|INFO|Microsoft.AspNetCore.Hosting.Diagnostics|Request finished HTTP/2 GET https://localhost:7281/swagger/index.html - 200 - text/html;charset=utf-8 79.2388ms
2024-10-14 11:21:13.6782|INFO|Microsoft.AspNetCore.Hosting.Diagnostics|Request starting HTTP/2 GET https://localhost:7281/swagger/swagger-ui.css - - -
2024-10-14 11:21:13.6933|INFO|Microsoft.AspNetCore.Hosting.Diagnostics|Request starting HTTP/2 GET https://localhost:7281/swagger/swagger-ui-bundle.js - - -
2024-10-14 11:21:13.6933|INFO|Microsoft.AspNetCore.Hosting.Diagnostics|Request starting HTTP/2 GET https://localhost:7281/swagger/swagger-ui-standalone-preset.js - - -
2024-10-14 11:21:13.6933|INFO|Microsoft.AspNetCore.Hosting.Diagnostics|Request starting HTTP/2 GET https://localhost:7281/_framework/aspnetcore-browser-refresh.js - - -
2024-10-14 11:21:13.7104|INFO|Microsoft.AspNetCore.Hosting.Diagnostics|Request finished HTTP/2 GET https://localhost:7281/_framework/aspnetcore-browser-refresh.js - 200 13750 application/javascript;+charset=utf-8 16.2283ms
2024-10-14 11:21:13.7411|INFO|Microsoft.AspNetCore.StaticFiles.StaticFileMiddleware|Sending file. Request path: '/swagger-ui.css'. Physical path: 'N/A'
2024-10-14 11:21:13.7411|INFO|Microsoft.AspNetCore.StaticFiles.StaticFileMiddleware|Sending file. Request path: '/swagger-ui-standalone-preset.js'. Physical path: 'N/A'
2024-10-14 11:21:13.7411|INFO|Microsoft.AspNetCore.Hosting.Diagnostics|Request finished HTTP/2 GET https://localhost:7281/swagger/swagger-ui-standalone-preset.js - 200 230280 text/javascript 48.4518ms
2024-10-14 11:21:13.7411|INFO|Microsoft.AspNetCore.Hosting.Diagnostics|Request finished HTTP/2 GET https://localhost:7281/swagger/swagger-ui.css - 200 152034 text/css 48.9244ms
2024-10-14 11:21:13.7564|INFO|Microsoft.AspNetCore.StaticFiles.StaticFileMiddleware|Sending file. Request path: '/swagger-ui-bundle.js'. Physical path: 'N/A'
2024-10-14 11:21:13.7564|INFO|Microsoft.AspNetCore.Hosting.Diagnostics|Request finished HTTP/2 GET https://localhost:7281/swagger/swagger-ui-bundle.js - 200 1456926 text/javascript 76.5240ms
2024-10-14 11:21:13.7973|INFO|Microsoft.AspNetCore.Hosting.Diagnostics|Request starting HTTP/2 GET https://localhost:7281/_vs/browserLink - - -
2024-10-14 11:21:13.8653|INFO|Microsoft.AspNetCore.Hosting.Diagnostics|Request finished HTTP/2 GET https://localhost:7281/_vs/browserLink - 200 - text/javascript;+charset=UTF-8 69.5540ms
2024-10-14 11:21:14.0841|INFO|Microsoft.AspNetCore.Hosting.Diagnostics|Request starting HTTP/2 GET https://localhost:7281/swagger/v1/swagger.json - - -
2024-10-14 11:21:14.1920|INFO|Microsoft.AspNetCore.Hosting.Diagnostics|Request finished HTTP/2 GET https://localhost:7281/swagger/v1/swagger.json - 200 - application/json;charset=utf-8 108.2571ms
2024-10-14 11:21:19.2102|INFO|Microsoft.AspNetCore.Hosting.Diagnostics|Request starting HTTP/2 GET https://localhost:7281/api/WorkType/test - - -
2024-10-14 11:21:19.2276|INFO|Microsoft.AspNetCore.Routing.EndpointMiddleware|Executing endpoint 'VMS.API.Controllers.WorkTypeController.test (VMS.API)'
2024-10-14 11:21:19.2429|INFO|Microsoft.AspNetCore.Mvc.Infrastructure.ControllerActionInvoker|Route matched with {action = "test", controller = "WorkType"}. Executing controller action with signature Void test() on controller VMS.API.Controllers.WorkTypeController (VMS.API).
2024-10-14 11:21:19.3898|INFO|Microsoft.AspNetCore.Mvc.Infrastructure.ControllerActionInvoker|Executing action method VMS.API.Controllers.WorkTypeController.test (VMS.API) - Validation state: Valid
2024-10-14 11:21:22.4145|INFO|Microsoft.AspNetCore.Mvc.Infrastructure.ControllerActionInvoker|Executed action VMS.API.Controllers.WorkTypeController.test (VMS.API) in 3165.1362ms
2024-10-14 11:21:22.4145|INFO|Microsoft.AspNetCore.Routing.EndpointMiddleware|Executed endpoint 'VMS.API.Controllers.WorkTypeController.test (VMS.API)'
2024-10-14 11:21:23.7808|INFO|VMS.API.Helper.Middlewares.ExceptionMiddleware|error : The input string 'dasda' was not in a correct format.
2024-10-14 11:21:23.7907|INFO|Microsoft.AspNetCore.Hosting.Diagnostics|Request finished HTTP/2 GET https://localhost:7281/api/WorkType/test - 500 - application/json 4579.8540ms
2024/10/14 11:30:54.684|WARN|The ASP.NET Core developer certificate is not trusted. For information about trusting the ASP.NET Core developer certificate, see https://aka.ms/aspnet/https-trust-dev-cert. |Microsoft.AspNetCore.Server.Kestrel.Core.KestrelServer|EventId=8, EventName=DeveloperCertificateNotTrusted
2024/10/14 11:30:54.740|INFO|Now listening on: https://localhost:7281 |Microsoft.Hosting.Lifetime|address=https://localhost:7281, EventId=14, EventName=ListeningOnAddress
2024/10/14 11:30:54.740|INFO|Now listening on: http://localhost:5149 |Microsoft.Hosting.Lifetime|address=http://localhost:5149, EventId=14, EventName=ListeningOnAddress
2024/10/14 11:30:54.740|INFO|Application started. Press Ctrl+C to shut down. |Microsoft.Hosting.Lifetime|
2024/10/14 11:30:54.740|INFO|Hosting environment: Development |Microsoft.Hosting.Lifetime|EnvName=Development
2024/10/14 11:30:54.740|INFO|Content root path: D:\VMS\VacancyManagementSystem\VMS.API |Microsoft.Hosting.Lifetime|ContentRoot=D:\VMS\VacancyManagementSystem\VMS.API
2024/10/14 11:30:55.239|INFO|Request starting HTTP/2 GET https://localhost:7281/swagger - - - |Microsoft.AspNetCore.Hosting.Diagnostics|Protocol=HTTP/2, Method=GET, Scheme=https, Host=localhost:7281, Path=/swagger, EventId=1
2024/10/14 11:30:55.347|INFO|Request finished HTTP/2 GET https://localhost:7281/swagger - 301 0 - 113.0647ms |Microsoft.AspNetCore.Hosting.Diagnostics|ElapsedMilliseconds=113.0647, StatusCode=301, ContentLength=0, Protocol=HTTP/2, Method=GET, Scheme=https, Host=localhost:7281, Path=/swagger, EventId=2
2024/10/14 11:30:55.347|INFO|Request starting HTTP/2 GET https://localhost:7281/swagger/index.html - - - |Microsoft.AspNetCore.Hosting.Diagnostics|Protocol=HTTP/2, Method=GET, Scheme=https, Host=localhost:7281, Path=/swagger/index.html, EventId=1
2024/10/14 11:30:55.442|INFO|Request finished HTTP/2 GET https://localhost:7281/swagger/index.html - 200 - text/html;charset=utf-8 83.6643ms |Microsoft.AspNetCore.Hosting.Diagnostics|ElapsedMilliseconds=83.6643, StatusCode=200, ContentType=text/html;charset=utf-8, Protocol=HTTP/2, Method=GET, Scheme=https, Host=localhost:7281, Path=/swagger/index.html, EventId=2
2024/10/14 11:30:55.442|INFO|Request starting HTTP/2 GET https://localhost:7281/swagger/swagger-ui-bundle.js - - - |Microsoft.AspNetCore.Hosting.Diagnostics|Protocol=HTTP/2, Method=GET, Scheme=https, Host=localhost:7281, Path=/swagger/swagger-ui-bundle.js, EventId=1
2024/10/14 11:30:55.442|INFO|Request starting HTTP/2 GET https://localhost:7281/_framework/aspnetcore-browser-refresh.js - - - |Microsoft.AspNetCore.Hosting.Diagnostics|Protocol=HTTP/2, Method=GET, Scheme=https, Host=localhost:7281, Path=/_framework/aspnetcore-browser-refresh.js, EventId=1
2024/10/14 11:30:55.442|INFO|Request starting HTTP/2 GET https://localhost:7281/swagger/swagger-ui.css - - - |Microsoft.AspNetCore.Hosting.Diagnostics|Protocol=HTTP/2, Method=GET, Scheme=https, Host=localhost:7281, Path=/swagger/swagger-ui.css, EventId=1
2024/10/14 11:30:55.442|INFO|Request starting HTTP/2 GET https://localhost:7281/swagger/swagger-ui-standalone-preset.js - - - |Microsoft.AspNetCore.Hosting.Diagnostics|Protocol=HTTP/2, Method=GET, Scheme=https, Host=localhost:7281, Path=/swagger/swagger-ui-standalone-preset.js, EventId=1
2024/10/14 11:30:55.477|INFO|Request finished HTTP/2 GET https://localhost:7281/_framework/aspnetcore-browser-refresh.js - 200 13750 application/javascript;+charset=utf-8 7.0657ms |Microsoft.AspNetCore.Hosting.Diagnostics|ElapsedMilliseconds=7.0657, StatusCode=200, ContentType=application/javascript; charset=utf-8, ContentLength=13750, Protocol=HTTP/2, Method=GET, Scheme=https, Host=localhost:7281, Path=/_framework/aspnetcore-browser-refresh.js, EventId=2
2024/10/14 11:30:55.502|INFO|Sending file. Request path: '/swagger-ui-standalone-preset.js'. Physical path: 'N/A' |Microsoft.AspNetCore.StaticFiles.StaticFileMiddleware|VirtualPath=/swagger-ui-standalone-preset.js, PhysicalPath=N/A, EventId=2, EventName=FileServed
2024/10/14 11:30:55.502|INFO|Sending file. Request path: '/swagger-ui.css'. Physical path: 'N/A' |Microsoft.AspNetCore.StaticFiles.StaticFileMiddleware|VirtualPath=/swagger-ui.css, PhysicalPath=N/A, EventId=2, EventName=FileServed
2024/10/14 11:30:55.502|INFO|Sending file. Request path: '/swagger-ui-bundle.js'. Physical path: 'N/A' |Microsoft.AspNetCore.StaticFiles.StaticFileMiddleware|VirtualPath=/swagger-ui-bundle.js, PhysicalPath=N/A, EventId=2, EventName=FileServed
2024/10/14 11:30:55.502|INFO|Request finished HTTP/2 GET https://localhost:7281/swagger/swagger-ui-standalone-preset.js - 200 230280 text/javascript 56.9525ms |Microsoft.AspNetCore.Hosting.Diagnostics|ElapsedMilliseconds=56.9525, StatusCode=200, ContentType=text/javascript, ContentLength=230280, Protocol=HTTP/2, Method=GET, Scheme=https, Host=localhost:7281, Path=/swagger/swagger-ui-standalone-preset.js, EventId=2
2024/10/14 11:30:55.502|INFO|Request finished HTTP/2 GET https://localhost:7281/swagger/swagger-ui-bundle.js - 200 1456926 text/javascript 57.1210ms |Microsoft.AspNetCore.Hosting.Diagnostics|ElapsedMilliseconds=57.121, StatusCode=200, ContentType=text/javascript, ContentLength=1456926, Protocol=HTTP/2, Method=GET, Scheme=https, Host=localhost:7281, Path=/swagger/swagger-ui-bundle.js, EventId=2
2024/10/14 11:30:55.502|INFO|Request finished HTTP/2 GET https://localhost:7281/swagger/swagger-ui.css - 200 152034 text/css 57.3638ms |Microsoft.AspNetCore.Hosting.Diagnostics|ElapsedMilliseconds=57.3638, StatusCode=200, ContentType=text/css, ContentLength=152034, Protocol=HTTP/2, Method=GET, Scheme=https, Host=localhost:7281, Path=/swagger/swagger-ui.css, EventId=2
2024/10/14 11:30:55.535|INFO|Request starting HTTP/2 GET https://localhost:7281/_vs/browserLink - - - |Microsoft.AspNetCore.Hosting.Diagnostics|Protocol=HTTP/2, Method=GET, Scheme=https, Host=localhost:7281, Path=/_vs/browserLink, EventId=1
2024/10/14 11:30:55.577|INFO|Request finished HTTP/2 GET https://localhost:7281/_vs/browserLink - 200 - text/javascript;+charset=UTF-8 41.9247ms |Microsoft.AspNetCore.Hosting.Diagnostics|ElapsedMilliseconds=41.9247, StatusCode=200, ContentType=text/javascript; charset=UTF-8, Protocol=HTTP/2, Method=GET, Scheme=https, Host=localhost:7281, Path=/_vs/browserLink, EventId=2
2024/10/14 11:30:55.793|INFO|Request starting HTTP/2 GET https://localhost:7281/swagger/v1/swagger.json - - - |Microsoft.AspNetCore.Hosting.Diagnostics|Protocol=HTTP/2, Method=GET, Scheme=https, Host=localhost:7281, Path=/swagger/v1/swagger.json, EventId=1
2024/10/14 11:30:55.895|INFO|Request finished HTTP/2 GET https://localhost:7281/swagger/v1/swagger.json - 200 - application/json;charset=utf-8 102.9559ms |Microsoft.AspNetCore.Hosting.Diagnostics|ElapsedMilliseconds=102.9559, StatusCode=200, ContentType=application/json;charset=utf-8, Protocol=HTTP/2, Method=GET, Scheme=https, Host=localhost:7281, Path=/swagger/v1/swagger.json, EventId=2
2024/10/14 11:30:58.772|INFO|Request starting HTTP/2 GET https://localhost:7281/api/WorkType/test - - - |Microsoft.AspNetCore.Hosting.Diagnostics|Protocol=HTTP/2, Method=GET, Scheme=https, Host=localhost:7281, Path=/api/WorkType/test, EventId=1
2024/10/14 11:30:58.772|INFO|Executing endpoint 'VMS.API.Controllers.WorkTypeController.test (VMS.API)' |Microsoft.AspNetCore.Routing.EndpointMiddleware|EndpointName=VMS.API.Controllers.WorkTypeController.test (VMS.API)
2024/10/14 11:30:58.788|INFO|Route matched with {action = "test", controller = "WorkType"}. Executing controller action with signature Void test() on controller VMS.API.Controllers.WorkTypeController (VMS.API). |Microsoft.AspNetCore.Mvc.Infrastructure.ControllerActionInvoker|RouteData={action = "test", controller = "WorkType"}, MethodInfo=Void test(), Controller=VMS.API.Controllers.WorkTypeController, AssemblyName=VMS.API, EventId=102, EventName=ControllerActionExecuting
2024/10/14 11:31:00.934|INFO|Executed action VMS.API.Controllers.WorkTypeController.test (VMS.API) in 2139.5914ms |Microsoft.AspNetCore.Mvc.Infrastructure.ControllerActionInvoker|ActionName=VMS.API.Controllers.WorkTypeController.test (VMS.API), ElapsedMilliseconds=2139.5914, EventId=105, EventName=ActionExecuted
2024/10/14 11:31:00.934|INFO|Executed endpoint 'VMS.API.Controllers.WorkTypeController.test (VMS.API)' |Microsoft.AspNetCore.Routing.EndpointMiddleware|EndpointName=VMS.API.Controllers.WorkTypeController.test (VMS.API), EventId=1, EventName=ExecutedEndpoint
2024/10/14 11:31:01.976|INFO|error : The input string 'dasda' was not in a correct format. |VMS.API.Helper.Middlewares.ExceptionMiddleware|
2024/10/14 11:31:01.987|INFO|Request finished HTTP/2 GET https://localhost:7281/api/WorkType/test - 500 - application/json 3214.6936ms |Microsoft.AspNetCore.Hosting.Diagnostics|ElapsedMilliseconds=3214.6936, StatusCode=500, ContentType=application/json, Protocol=HTTP/2, Method=GET, Scheme=https, Host=localhost:7281, Path=/api/WorkType/test, EventId=2
